0 info it worked if it ends with ok
1 verbose cli [ 'd:\\desarrollo\\nodejs\\node.exe',
1 verbose cli   'd:\\desarrollo\\nodejs\\node_modules\\npm\\bin\\npm-cli.js',
1 verbose cli   'install' ]
2 info using npm@1.4.28
3 info using node@v0.10.33
4 verbose readDependencies using package.json deps
5 verbose install where, deps [ 'd:\\Users\\cverdesm\\worspaces\\front-ws\\webrtc-test',
5 verbose install   [ 'express',
5 verbose install     'morgan',
5 verbose install     'body-parser',
5 verbose install     'method-override',
5 verbose install     'serve-favicon',
5 verbose install     'cookie-parser',
5 verbose install     'express-session',
5 verbose install     'errorhandler',
5 verbose install     'compression',
5 verbose install     'lodash',
5 verbose install     'jade',
5 verbose install     'composable-middleware',
5 verbose install     'connect-mongo',
5 verbose install     'connect-livereload',
5 verbose install     'grunt',
5 verbose install     'grunt-angular-templates',
5 verbose install     'grunt-asset-injector',
5 verbose install     'grunt-autoprefixer',
5 verbose install     'grunt-build-control',
5 verbose install     'grunt-concurrent',
5 verbose install     'grunt-contrib-clean',
5 verbose install     'grunt-contrib-concat',
5 verbose install     'grunt-contrib-copy',
5 verbose install     'grunt-contrib-cssmin',
5 verbose install     'grunt-contrib-htmlmin',
5 verbose install     'grunt-contrib-imagemin',
5 verbose install     'grunt-contrib-jade',
5 verbose install     'grunt-contrib-jshint',
5 verbose install     'grunt-contrib-sass',
5 verbose install     'grunt-contrib-uglify',
5 verbose install     'grunt-contrib-watch',
5 verbose install     'grunt-dom-munger',
5 verbose install     'grunt-env',
5 verbose install     'grunt-express-server',
5 verbose install     'grunt-google-cdn',
5 verbose install     'grunt-karma',
5 verbose install     'grunt-mocha-test',
5 verbose install     'grunt-newer',
5 verbose install     'grunt-ng-annotate',
5 verbose install     'grunt-node-inspector',
5 verbose install     'grunt-nodemon',
5 verbose install     'grunt-npm-install',
5 verbose install     'grunt-open',
5 verbose install     'grunt-protractor-runner',
5 verbose install     'grunt-rev',
5 verbose install     'grunt-sass',
5 verbose install     'grunt-svgmin',
5 verbose install     'grunt-usemin',
5 verbose install     'grunt-wiredep',
5 verbose install     'jit-grunt',
5 verbose install     'jshint-stylish',
5 verbose install     'karma',
5 verbose install     'karma-chrome-launcher',
5 verbose install     'karma-coffee-preprocessor',
5 verbose install     'karma-firefox-launcher',
5 verbose install     'karma-html2js-preprocessor',
5 verbose install     'karma-jade-preprocessor',
5 verbose install     'karma-jasmine',
5 verbose install     'karma-ng-html2js-preprocessor',
5 verbose install     'karma-ng-jade2js-preprocessor',
5 verbose install     'karma-ng-scenario',
5 verbose install     'karma-phantomjs-launcher',
5 verbose install     'karma-requirejs',
5 verbose install     'karma-script-launcher',
5 verbose install     'open',
5 verbose install     'requirejs',
5 verbose install     'should',
5 verbose install     'supertest',
5 verbose install     'time-grunt' ] ]
6 info preinstall webrtc-test@0.0.0
7 verbose readDependencies using package.json deps
8 verbose already installed skipping grunt-autoprefixer@~0.7.2 d:\Users\cverdesm\worspaces\front-ws\webrtc-test
9 verbose cache add [ 'grunt-build-control@git+https://github.com/DaftMonk/grunt-build-control',
9 verbose cache add   null ]
10 verbose cache add name=undefined spec="grunt-build-control@git+https://github.com/DaftMonk/grunt-build-control" args=["grunt-build-control@git+https://github.com/DaftMonk/grunt-build-control",null]
11 verbose parsed url { protocol: null,
11 verbose parsed url   slashes: null,
11 verbose parsed url   auth: null,
11 verbose parsed url   host: null,
11 verbose parsed url   port: null,
11 verbose parsed url   hostname: null,
11 verbose parsed url   hash: null,
11 verbose parsed url   search: null,
11 verbose parsed url   query: null,
11 verbose parsed url   pathname: 'grunt-build-control@git+https://github.com/DaftMonk/grunt-build-control',
11 verbose parsed url   path: 'grunt-build-control@git+https://github.com/DaftMonk/grunt-build-control',
11 verbose parsed url   href: 'grunt-build-control@git+https://github.com/DaftMonk/grunt-build-control' }
12 verbose already installed skipping grunt-concurrent@~0.5.0 d:\Users\cverdesm\worspaces\front-ws\webrtc-test
13 verbose already installed skipping grunt-contrib-clean@~0.5.0 d:\Users\cverdesm\worspaces\front-ws\webrtc-test
14 verbose already installed skipping grunt-contrib-concat@~0.4.0 d:\Users\cverdesm\worspaces\front-ws\webrtc-test
15 verbose already installed skipping grunt-contrib-copy@~0.5.0 d:\Users\cverdesm\worspaces\front-ws\webrtc-test
16 verbose already installed skipping grunt-contrib-cssmin@~0.9.0 d:\Users\cverdesm\worspaces\front-ws\webrtc-test
17 verbose already installed skipping grunt-contrib-htmlmin@~0.2.0 d:\Users\cverdesm\worspaces\front-ws\webrtc-test
18 verbose already installed skipping grunt-contrib-imagemin@~0.7.1 d:\Users\cverdesm\worspaces\front-ws\webrtc-test
19 verbose already installed skipping grunt-contrib-jade@^0.11.0 d:\Users\cverdesm\worspaces\front-ws\webrtc-test
20 verbose already installed skipping grunt-contrib-jshint@~0.10.0 d:\Users\cverdesm\worspaces\front-ws\webrtc-test
21 verbose already installed skipping grunt-contrib-sass@^0.7.3 d:\Users\cverdesm\worspaces\front-ws\webrtc-test
22 verbose already installed skipping grunt-contrib-uglify@~0.4.0 d:\Users\cverdesm\worspaces\front-ws\webrtc-test
23 verbose already installed skipping grunt-contrib-watch@~0.6.1 d:\Users\cverdesm\worspaces\front-ws\webrtc-test
24 verbose already installed skipping grunt-dom-munger@^3.4.0 d:\Users\cverdesm\worspaces\front-ws\webrtc-test
25 verbose already installed skipping grunt-env@~0.4.1 d:\Users\cverdesm\worspaces\front-ws\webrtc-test
26 verbose cache add name="grunt-build-control" spec="git+https://github.com/DaftMonk/grunt-build-control" args=["grunt-build-control","git+https://github.com/DaftMonk/grunt-build-control"]
27 verbose parsed url { protocol: 'git+https:',
27 verbose parsed url   slashes: true,
27 verbose parsed url   auth: null,
27 verbose parsed url   host: 'github.com',
27 verbose parsed url   port: null,
27 verbose parsed url   hostname: 'github.com',
27 verbose parsed url   hash: null,
27 verbose parsed url   search: null,
27 verbose parsed url   query: null,
27 verbose parsed url   pathname: '/DaftMonk/grunt-build-control',
27 verbose parsed url   path: '/DaftMonk/grunt-build-control',
27 verbose parsed url   href: 'git+https://github.com/DaftMonk/grunt-build-control' }
28 silly lockFile 7e4d577b-com-DaftMonk-grunt-build-control https://github.com/DaftMonk/grunt-build-control
29 verbose lock https://github.com/DaftMonk/grunt-build-control C:\Users\cverdesm\AppData\Roaming\npm-cache\7e4d577b-com-DaftMonk-grunt-build-control.lock
30 verbose addRemoteGit [ 'https://github.com/DaftMonk/grunt-build-control', 'master' ]
31 verbose already installed skipping grunt-express-server@~0.4.17 d:\Users\cverdesm\worspaces\front-ws\webrtc-test
32 verbose already installed skipping grunt-google-cdn@~0.4.0 d:\Users\cverdesm\worspaces\front-ws\webrtc-test
33 verbose already installed skipping grunt-karma@~0.8.2 d:\Users\cverdesm\worspaces\front-ws\webrtc-test
34 verbose already installed skipping grunt-mocha-test@~0.10.2 d:\Users\cverdesm\worspaces\front-ws\webrtc-test
35 verbose already installed skipping grunt-newer@~0.7.0 d:\Users\cverdesm\worspaces\front-ws\webrtc-test
36 verbose already installed skipping grunt-ng-annotate@^0.2.3 d:\Users\cverdesm\worspaces\front-ws\webrtc-test
37 verbose already installed skipping grunt-node-inspector@~0.1.5 d:\Users\cverdesm\worspaces\front-ws\webrtc-test
38 verbose already installed skipping grunt-nodemon@~0.2.0 d:\Users\cverdesm\worspaces\front-ws\webrtc-test
39 verbose already installed skipping grunt-npm-install@^0.2.0 d:\Users\cverdesm\worspaces\front-ws\webrtc-test
40 verbose already installed skipping grunt-open@~0.2.3 d:\Users\cverdesm\worspaces\front-ws\webrtc-test
41 verbose already installed skipping grunt-protractor-runner@^1.1.0 d:\Users\cverdesm\worspaces\front-ws\webrtc-test
42 verbose already installed skipping grunt-rev@~0.1.0 d:\Users\cverdesm\worspaces\front-ws\webrtc-test
43 verbose already installed skipping grunt-sass@^0.18.1 d:\Users\cverdesm\worspaces\front-ws\webrtc-test
44 verbose already installed skipping grunt-svgmin@~0.4.0 d:\Users\cverdesm\worspaces\front-ws\webrtc-test
45 verbose already installed skipping grunt-usemin@~2.1.1 d:\Users\cverdesm\worspaces\front-ws\webrtc-test
46 verbose already installed skipping grunt-wiredep@~1.8.0 d:\Users\cverdesm\worspaces\front-ws\webrtc-test
47 verbose already installed skipping jit-grunt@^0.5.0 d:\Users\cverdesm\worspaces\front-ws\webrtc-test
48 verbose already installed skipping jshint-stylish@~0.1.5 d:\Users\cverdesm\worspaces\front-ws\webrtc-test
49 verbose already installed skipping karma@~0.12.9 d:\Users\cverdesm\worspaces\front-ws\webrtc-test
50 verbose already installed skipping karma-chrome-launcher@~0.1.3 d:\Users\cverdesm\worspaces\front-ws\webrtc-test
51 verbose already installed skipping karma-coffee-preprocessor@~0.2.1 d:\Users\cverdesm\worspaces\front-ws\webrtc-test
52 verbose already installed skipping karma-firefox-launcher@~0.1.3 d:\Users\cverdesm\worspaces\front-ws\webrtc-test
53 verbose already installed skipping karma-html2js-preprocessor@~0.1.0 d:\Users\cverdesm\worspaces\front-ws\webrtc-test
54 verbose already installed skipping karma-jade-preprocessor@0.0.11 d:\Users\cverdesm\worspaces\front-ws\webrtc-test
55 verbose already installed skipping karma-jasmine@~0.1.5 d:\Users\cverdesm\worspaces\front-ws\webrtc-test
56 verbose already installed skipping karma-ng-html2js-preprocessor@~0.1.0 d:\Users\cverdesm\worspaces\front-ws\webrtc-test
57 verbose already installed skipping karma-ng-jade2js-preprocessor@^0.1.2 d:\Users\cverdesm\worspaces\front-ws\webrtc-test
58 verbose already installed skipping karma-ng-scenario@~0.1.0 d:\Users\cverdesm\worspaces\front-ws\webrtc-test
59 verbose already installed skipping karma-phantomjs-launcher@~0.1.4 d:\Users\cverdesm\worspaces\front-ws\webrtc-test
60 verbose already installed skipping karma-requirejs@~0.2.1 d:\Users\cverdesm\worspaces\front-ws\webrtc-test
61 verbose already installed skipping karma-script-launcher@~0.1.0 d:\Users\cverdesm\worspaces\front-ws\webrtc-test
62 verbose git remote.origin.url https://github.com/DaftMonk/grunt-build-control
63 verbose already installed skipping open@~0.0.4 d:\Users\cverdesm\worspaces\front-ws\webrtc-test
64 verbose already installed skipping requirejs@~2.1.11 d:\Users\cverdesm\worspaces\front-ws\webrtc-test
65 verbose already installed skipping should@~3.3.1 d:\Users\cverdesm\worspaces\front-ws\webrtc-test
66 verbose already installed skipping supertest@~0.11.0 d:\Users\cverdesm\worspaces\front-ws\webrtc-test
67 verbose already installed skipping time-grunt@~0.3.1 d:\Users\cverdesm\worspaces\front-ws\webrtc-test
68 verbose already installed skipping express@~4.0.0 d:\Users\cverdesm\worspaces\front-ws\webrtc-test
69 verbose already installed skipping morgan@~1.0.0 d:\Users\cverdesm\worspaces\front-ws\webrtc-test
70 verbose already installed skipping body-parser@~1.5.0 d:\Users\cverdesm\worspaces\front-ws\webrtc-test
71 verbose already installed skipping method-override@~1.0.0 d:\Users\cverdesm\worspaces\front-ws\webrtc-test
72 verbose already installed skipping serve-favicon@~2.0.1 d:\Users\cverdesm\worspaces\front-ws\webrtc-test
73 verbose already installed skipping cookie-parser@~1.0.1 d:\Users\cverdesm\worspaces\front-ws\webrtc-test
74 verbose already installed skipping express-session@~1.0.2 d:\Users\cverdesm\worspaces\front-ws\webrtc-test
75 verbose already installed skipping errorhandler@~1.0.0 d:\Users\cverdesm\worspaces\front-ws\webrtc-test
76 verbose already installed skipping compression@~1.0.1 d:\Users\cverdesm\worspaces\front-ws\webrtc-test
77 verbose already installed skipping lodash@~2.4.1 d:\Users\cverdesm\worspaces\front-ws\webrtc-test
78 verbose already installed skipping jade@~1.2.0 d:\Users\cverdesm\worspaces\front-ws\webrtc-test
79 verbose already installed skipping composable-middleware@^0.3.0 d:\Users\cverdesm\worspaces\front-ws\webrtc-test
80 verbose already installed skipping connect-mongo@^0.4.1 d:\Users\cverdesm\worspaces\front-ws\webrtc-test
81 verbose already installed skipping connect-livereload@~0.4.0 d:\Users\cverdesm\worspaces\front-ws\webrtc-test
82 verbose already installed skipping grunt@~0.4.4 d:\Users\cverdesm\worspaces\front-ws\webrtc-test
83 verbose already installed skipping grunt-angular-templates@^0.5.4 d:\Users\cverdesm\worspaces\front-ws\webrtc-test
84 verbose already installed skipping grunt-asset-injector@^0.1.0 d:\Users\cverdesm\worspaces\front-ws\webrtc-test
85 error git fetch -a origin (https://github.com/DaftMonk/grunt-build-control) fatal: unable to access 'https://github.com/DaftMonk/grunt-build-control/': Failed connect to github.com:443; No error
86 silly lockFile 7e4d577b-com-DaftMonk-grunt-build-control https://github.com/DaftMonk/grunt-build-control
87 silly lockFile 7e4d577b-com-DaftMonk-grunt-build-control https://github.com/DaftMonk/grunt-build-control
88 error Error: Command failed: fatal: unable to access 'https://github.com/DaftMonk/grunt-build-control/': Failed connect to github.com:443; No error
88 error
88 error     at ChildProcess.exithandler (child_process.js:648:15)
88 error     at ChildProcess.emit (events.js:98:17)
88 error     at maybeClose (child_process.js:756:16)
88 error     at Process.ChildProcess._handle.onexit (child_process.js:823:5)
89 error If you need help, you may report this *entire* log,
89 error including the npm and node versions, at:
89 error     <http://github.com/npm/npm/issues>
90 error System Windows_NT 6.1.7601
91 error command "d:\\desarrollo\\nodejs\\node.exe" "d:\\desarrollo\\nodejs\\node_modules\\npm\\bin\\npm-cli.js" "install"
92 error cwd d:\Users\cverdesm\worspaces\front-ws\webrtc-test
93 error node -v v0.10.33
94 error npm -v 1.4.28
95 error code 128
96 verbose exit [ 1, true ]
